<?xml version="1.0" encoding="UTF-8"?>
<testsuite xmlns:xsi="http://www.w3.org/2001/XMLSchema-instance" xsi:noNamespaceSchemaLocation="https://maven.apache.org/surefire/maven-surefire-plugin/xsd/surefire-test-report-3.0.xsd" version="3.0" name="TestRunner.TestRunner" time="4.847" tests="2" errors="0" skipped="0" failures="0">
  <properties>
[...]
</properties>
  <testcase name="Verify if place is being successfully added using payload" classname="Validating place APIs" time="3.392">
    <system-out><![CDATA[Request method:	POST
Request URI:	https://rahulshettyacademy.com/maps/api/place/add/json?key=qaclick123
Proxy:			<none>
Request params:	<none>
Query params:	key=qaclick123
Form params:	<none>
Path params:	<none>
Headers:		Accept=*/*
				Content-Type=application/json
Cookies:		<none>
Multiparts:		<none>
Body:
{
    "accuracy": 50,
    "name": "reddyhome",
    "phone_number": "32534534",
    "address": "Kondapur",
    "language": "English",
    "website": "https://rahulshettyacademy.com/",
    "location": {
        "lat": -34,
        "lng": 45
    },
    "types": [
        "shoepark",
        "shop"
    ]
}
Request method:	GET
Request URI:	https://rahulshettyacademy.com/maps/api/place/get/json?key=qaclick123&place_id=7a49e698a2ed54316a6370d3e240b3cc
Proxy:			<none>
Request params:	<none>
Query params:	key=qaclick123
				place_id=7a49e698a2ed54316a6370d3e240b3cc
Form params:	<none>
Path params:	<none>
Headers:		Accept=*/*
				Content-Type=application/json
Cookies:		<none>
Multiparts:		<none>
Body:			<none>
]]></system-out>
  </testcase>
  <testcase name="Verify if delete place functionality is working" classname="Validating place APIs" time="0.547">
    <system-out><![CDATA[Request method:	POST
Request URI:	https://rahulshettyacademy.com/maps/api/place/delete/json?key=qaclick123
Proxy:			<none>
Request params:	<none>
Query params:	key=qaclick123
Form params:	<none>
Path params:	<none>
Headers:		Accept=*/*
				Content-Type=application/json
Cookies:		<none>
Multiparts:		<none>
Body:
{
    "place_id": "7a49e698a2ed54316a6370d3e240b3cc"
}
]]></system-out>
  </testcase>
</testsuite>